2025-06-09 12:25:59 - === Starting data pipeline ===
2025-06-09 12:25:59 - Base directory: /app
2025-06-09 12:25:59 - Raw data directory: /app/data/raw
2025-06-09 12:25:59 - Contents of raw directory:
total 45512
drwxr-xr-x  3 root root       96 Jun  9 12:21 .
drwxr-xr-x 10 root root      320 May 23 22:13 ..
-rw-rw-r--  1 root root 46603776 Jun  9 04:01 IAC_Database_20250609.xls
2025-06-09 12:25:59 - Running: process_iac.py
2025-06-09 12:26:34 - process_iac.py completed successfully
2025-06-09 12:26:34 - Step 1 completed: Processed assess and recc data
2025-06-09 12:26:34 - Running: generate_ec_emission_factors.py
2025-06-09 12:26:35 - generate_ec_emission_factors.py completed successfully
2025-06-09 12:26:35 - Step 2 completed: Generated EC emission factors
2025-06-09 12:26:35 - Running: process_ppi.py
2025-06-09 12:26:35 - process_ppi.py completed successfully
2025-06-09 12:26:35 - Step 3 completed: Processed PPI dataset
2025-06-09 12:26:35 - Running: integrate_data.py
2025-06-09 12:26:45 - integrate_data.py completed successfully
2025-06-09 12:26:45 - Step 4 completed: Final data integration
2025-06-09 12:26:45 - Archiving raw data files
2025-06-09 12:26:45 - Archived: IAC_Database_20250609.xls as IAC_Database_20250609_20250609_122559.xls
2025-06-09 12:26:45 - === Pipeline completed successfully ===
