2025-06-08 21:26:28 - === Starting data pipeline ===
2025-06-08 21:26:28 - Base directory: /app
2025-06-08 21:26:28 - Raw data directory: /app/data/raw
2025-06-08 21:26:28 - Contents of raw directory:
total 45508
drwxr-xr-x  3 root root       96 Jun  8 21:25 .
drwxr-xr-x 10 root root      320 May 23 22:13 ..
-rw-rw-r--  1 root root 46599680 Jun  8 04:01 IAC_Database_20250608.xls
2025-06-08 21:26:28 - Running: process_iac.py
2025-06-08 21:26:55 - process_iac.py completed successfully
2025-06-08 21:26:55 - Step 1 completed: Processed assess and recc data
2025-06-08 21:26:55 - Running: generate_ec_emission_factors.py
2025-06-08 21:26:55 - generate_ec_emission_factors.py completed successfully
2025-06-08 21:26:55 - Step 2 completed: Generated EC emission factors
2025-06-08 21:26:55 - Running: process_ppi.py
2025-06-08 21:26:56 - process_ppi.py completed successfully
2025-06-08 21:26:56 - Step 3 completed: Processed PPI dataset
2025-06-08 21:26:56 - Running: integrate_data.py
2025-06-08 21:27:06 - integrate_data.py completed successfully
2025-06-08 21:27:06 - Step 4 completed: Final data integration
2025-06-08 21:27:06 - Archiving raw data files
2025-06-08 21:27:06 - Archived: IAC_Database_20250608.xls as IAC_Database_20250608_20250608_212628.xls
2025-06-08 21:27:06 - === Pipeline completed successfully ===
